TN:
SF:src/errors/AppError.ts
FN:5,AppError
FNF:1
FNH:1
FNDA:3,AppError
DA:1,1
DA:2,1
DA:3,1
DA:4,1
DA:5,1
DA:6,3
DA:7,3
DA:8,3
DA:9,1
LF:9
LH:9
BRDA:5,0,0,3
BRF:1
BRH:1
end_of_record
TN:
SF:src/helper/formatAccount.ts
FN:4,format_account
FNF:1
FNH:1
FNDA:7,format_account
DA:1,1
DA:2,1
DA:3,1
DA:4,1
DA:5,7
DA:6,7
DA:7,7
DA:8,7
DA:9,7
DA:10,7
DA:11,7
DA:12,7
DA:13,7
DA:14,7
DA:15,7
DA:16,7
DA:17,7
DA:18,7
DA:19,7
DA:20,7
DA:21,7
DA:22,7
LF:22
LH:22
BRDA:4,0,0,7
BRF:1
BRH:1
end_of_record
TN:
SF:src/helper/formatDate.ts
FN:1,formatDate
FNF:1
FNH:1
FNDA:9,formatDate
DA:1,1
DA:2,9
DA:3,9
LF:3
LH:3
BRDA:1,0,0,9
BRF:1
BRH:1
end_of_record
TN:
SF:src/helper/isOver18.ts
FN:5,isBelow21
FNF:1
FNH:1
FNDA:10,isBelow21
DA:1,1
DA:2,1
DA:3,1
DA:4,1
DA:5,10
DA:6,10
DA:7,10
DA:8,10
DA:9,10
LF:9
LH:9
BRDA:5,0,0,10
BRF:1
BRH:1
end_of_record
TN:
SF:src/modules/accounts/entities/Account.ts
FN:18,Object.<anonymous>.__decorate.cascade
FNF:1
FNH:0
FNDA:0,Object.<anonymous>.__decorate.cascade
DA:1,1
DA:2,1
DA:3,1
DA:4,1
DA:5,1
DA:6,1
DA:7,1
DA:8,1
DA:9,1
DA:10,1
DA:11,1
DA:12,1
DA:13,1
DA:14,1
DA:15,1
DA:16,1
DA:17,1
DA:18,1
DA:19,1
DA:20,1
DA:21,1
DA:22,1
DA:23,1
DA:24,1
DA:25,1
DA:26,1
DA:27,1
DA:28,1
DA:29,1
DA:30,1
DA:31,1
DA:32,1
DA:33,1
DA:34,1
DA:35,1
DA:36,1
DA:37,1
DA:38,1
DA:39,1
LF:39
LH:39
BRF:0
BRH:0
end_of_record
TN:
SF:src/modules/accounts/entities/Account_detail.ts
FNF:0
FNH:0
DA:1,1
DA:2,1
DA:3,1
DA:4,1
DA:5,1
DA:6,1
DA:7,1
DA:8,1
DA:9,1
DA:10,1
DA:11,1
DA:12,1
DA:13,1
DA:14,1
DA:15,1
DA:16,1
DA:17,1
DA:18,1
DA:19,1
DA:20,1
DA:21,1
DA:22,1
DA:23,1
DA:24,1
DA:25,1
DA:26,1
DA:27,1
DA:28,1
DA:29,1
DA:30,1
DA:31,1
DA:32,1
DA:33,1
DA:34,1
DA:35,1
DA:36,1
DA:37,1
DA:38,1
DA:39,1
DA:40,1
DA:41,1
DA:42,1
DA:43,1
DA:44,1
DA:45,1
DA:46,1
DA:47,1
DA:48,1
LF:48
LH:48
BRF:0
BRH:0
end_of_record
TN:
SF:src/modules/accounts/entities/Account_driver.ts
FN:20,Object.<anonymous>.__decorate.cascade
FN:24,Object.<anonymous>.__decorate.cascade
FNF:2
FNH:0
FNDA:0,Object.<anonymous>.__decorate.cascade
FNDA:0,Object.<anonymous>.__decorate.cascade
DA:1,1
DA:2,1
DA:3,1
DA:4,1
DA:5,1
DA:6,1
DA:7,1
DA:8,1
DA:9,1
DA:10,1
DA:11,1
DA:12,1
DA:13,1
DA:14,1
DA:15,1
DA:16,1
DA:17,1
DA:18,1
DA:19,1
DA:20,1
DA:21,1
DA:22,1
DA:23,1
DA:24,1
DA:25,1
DA:26,1
DA:27,1
DA:28,1
DA:29,1
DA:30,1
DA:31,1
DA:32,1
DA:33,1
DA:34,1
DA:35,1
DA:36,1
DA:37,1
DA:38,1
DA:39,1
DA:40,1
DA:41,1
DA:42,1
DA:43,1
DA:44,1
DA:45,1
DA:46,1
DA:47,1
DA:48,1
DA:49,1
DA:50,1
DA:51,1
DA:52,1
DA:53,1
DA:54,1
LF:54
LH:54
BRF:0
BRH:0
end_of_record
TN:
SF:src/modules/accounts/repositories/mock/AccountRepositoryMock.ts
FN:6,AccountRepositoryMock
FN:9,index
FN:14,find
FN:19,findOneBy
FN:29,create
FNF:5
FNH:5
FNDA:6,AccountRepositoryMock
FNDA:2,index
FNDA:2,find
FNDA:12,findOneBy
FNDA:9,create
DA:1,1
DA:2,1
DA:3,1
DA:4,1
DA:5,1
DA:6,6
DA:7,6
DA:8,6
DA:9,6
DA:10,2
DA:11,2
DA:12,2
DA:13,6
DA:14,6
DA:15,2
DA:16,2
DA:17,2
DA:18,6
DA:19,6
DA:20,12
DA:21,12
DA:22,8
DA:23,8
DA:24,6
DA:25,12
DA:26,12
DA:27,12
DA:28,6
DA:29,6
DA:30,9
DA:31,9
DA:32,9
DA:33,9
DA:34,9
DA:35,9
DA:36,9
DA:37,9
DA:38,9
DA:39,9
DA:40,9
DA:41,9
DA:42,9
DA:43,9
DA:44,9
DA:45,9
DA:46,9
DA:47,9
DA:48,9
DA:49,9
DA:50,9
DA:51,9
DA:52,9
DA:53,9
DA:54,9
DA:55,9
DA:56,9
DA:57,9
DA:58,9
DA:59,9
DA:60,9
DA:61,9
DA:62,9
DA:63,9
DA:64,9
DA:65,9
DA:66,9
DA:67,9
DA:68,9
DA:69,9
DA:70,9
DA:71,9
DA:72,9
DA:73,9
DA:74,9
DA:75,6
DA:76,1
DA:77,1
LF:77
LH:77
BRDA:6,0,0,6
BRDA:9,1,0,2
BRDA:14,2,0,2
BRDA:15,3,0,4
BRDA:19,4,0,12
BRDA:21,5,0,8
BRDA:23,6,0,6
BRDA:29,7,0,9
BRF:8
BRH:8
end_of_record
TN:
SF:src/modules/accounts/services/AccountService.ts
FN:12,AccountService
FN:14,index
FN:23,find
FN:33,create
FNF:4
FNH:4
FNDA:6,AccountService
FNDA:2,index
FNDA:2,find
FNDA:11,create
DA:1,1
DA:2,1
DA:3,1
DA:4,1
DA:5,1
DA:6,1
DA:7,1
DA:8,1
DA:9,1
DA:10,1
DA:11,1
DA:12,1
DA:13,1
DA:14,1
DA:15,2
DA:16,2
DA:17,6
DA:18,2
DA:19,2
DA:20,2
DA:21,2
DA:22,1
DA:23,1
DA:24,2
DA:25,2
DA:26,2
DA:27,1
DA:28,1
DA:29,1
DA:30,1
DA:31,1
DA:32,1
DA:33,1
DA:34,11
DA:35,11
DA:36,11
DA:37,11
DA:38,11
DA:39,11
DA:40,11
DA:41,11
DA:42,11
DA:43,11
DA:44,11
DA:45,11
DA:46,11
DA:47,11
DA:48,11
DA:49,11
DA:50,11
DA:51,1
DA:52,1
DA:53,10
DA:54,11
DA:55,1
DA:56,1
DA:57,9
DA:58,9
DA:59,9
DA:60,9
DA:61,9
DA:62,9
DA:63,9
DA:64,9
DA:65,9
DA:66,9
DA:67,9
DA:68,9
DA:69,9
DA:70,9
DA:71,9
DA:72,9
DA:73,9
DA:74,9
DA:75,9
DA:76,9
DA:77,1
LF:77
LH:77
BRDA:12,0,0,6
BRDA:14,1,0,2
BRDA:16,2,0,6
BRDA:23,3,0,2
BRDA:26,4,0,1
BRDA:33,5,0,11
BRDA:50,6,0,1
BRDA:53,7,0,10
BRDA:54,8,0,1
BRDA:57,9,0,9
BRF:10
BRH:10
end_of_record
